

*******************************************************************************
Mon Aug 27 14:43:50 2018


FIT:    data read from "data/double_well.data" using 1:3
        format = x:z
        #datapoints = 250000
        residuals are weighted equally (unit weight)

function used for fitting: f(x)
fitted parameters initialized with current variable values



*******************************************************************************
Mon Aug 27 14:43:59 2018


FIT:    data read from "data/double_well.data" using 1:3
        format = x:z
        #datapoints = 250000
        residuals are weighted equally (unit weight)

function used for fitting: f(x)
	f(x) = a*x + b
fitted parameters initialized with current variable values

iter      chisq       delta/lim  lambda   a             b            
   0 5.1937648979e+11   0.00e+00  1.02e+03    1.000000e+00   1.000000e+00
   5 9.9395832193e-01  -8.69e-08  1.02e-02    1.998143e-03  -2.546984e-03

After 5 iterations the fit converged.
final sum of squares of residuals : 0.993958
rel. change during last iteration : -8.69115e-13

degrees of freedom    (FIT_NDF)                        : 249998
rms of residuals      (FIT_STDFIT) = sqrt(WSSR/ndf)    : 0.00199396
variance of residuals (reduced chisquare) = WSSR/ndf   : 3.97587e-06

Final set of parameters            Asymptotic Standard Error
=======================            ==========================
a               = 0.00199814       +/- 5.526e-09    (0.0002765%)
b               = -0.00254698      +/- 7.976e-06    (0.3131%)

correlation matrix of the fit parameters:
                a      b      
a               1.000 
b              -0.866  1.000 
