

*******************************************************************************
Sat Nov 10 15:27:28 2018


FIT:    data read from "../data/MSD.data" u 1:2
        format = x:z
        #datapoints = 100
        residuals are weighted equally (unit weight)

function used for fitting: f(x)
	f(x) = a*x + b
fitted parameters initialized with current variable values

iter      chisq       delta/lim  lambda   a             b            
   0 1.1498574584e+04   0.00e+00  4.11e+00    1.000000e+00   1.000000e+00
   4 6.4800251309e-01  -2.65e-07  4.11e-04    3.036250e+00  -1.111563e-01

After 4 iterations the fit converged.
final sum of squares of residuals : 0.648003
rel. change during last iteration : -2.6503e-12

degrees of freedom    (FIT_NDF)                        : 98
rms of residuals      (FIT_STDFIT) = sqrt(WSSR/ndf)    : 0.0813159
variance of residuals (reduced chisquare) = WSSR/ndf   : 0.00661227

Final set of parameters            Asymptotic Standard Error
=======================            ==========================
a               = 3.03625          +/- 0.002817     (0.09278%)
b               = -0.111156        +/- 0.01614      (14.52%)

correlation matrix of the fit parameters:
                a      b      
a               1.000 
b              -0.864  1.000 
