

*******************************************************************************
Wed Nov 14 21:40:44 2018


FIT:    data read from "harmonic_stats_test.data" u 1:2
        format = x:z
        #datapoints = 999
        residuals are weighted equally (unit weight)

function used for fitting: M(x)
	M(x) = A*exp(-B*x)
fitted parameters initialized with current variable values

iter      chisq       delta/lim  lambda   A             B            
   0 6.8909880414e+01   0.00e+00  1.93e-01    1.000000e+00   1.000000e+00
   5 2.4865161761e-02  -3.43e-06  1.93e+00    3.061168e+00   2.216708e+00

After 5 iterations the fit converged.
final sum of squares of residuals : 0.0248652
rel. change during last iteration : -3.42568e-11

degrees of freedom    (FIT_NDF)                        : 997
rms of residuals      (FIT_STDFIT) = sqrt(WSSR/ndf)    : 0.00499399
variance of residuals (reduced chisquare) = WSSR/ndf   : 2.494e-05

Final set of parameters            Asymptotic Standard Error
=======================            ==========================
A               = 3.06117          +/- 0.001521     (0.04969%)
B               = 2.21671          +/- 0.001542     (0.06955%)

correlation matrix of the fit parameters:
                A      B      
A               1.000 
B               0.715  1.000 


*******************************************************************************
Wed Nov 14 21:42:16 2018


FIT:    data read from "harmonic_stats_test.data" u 1:3
        format = x:z
        #datapoints = 999
        residuals are weighted equally (unit weight)

function used for fitting: V(x)
	V(x) = 1/C1 * (1-exp(-2*C1*C2*x))
fitted parameters initialized with current variable values

iter      chisq       delta/lim  lambda   C1            C2           
   0 2.4530243479e+02   0.00e+00  6.61e-01    1.000000e+00   1.000000e+00
   6 5.0753248353e-02  -3.16e-02  6.61e-07    2.096410e+00   1.035233e+00

After 6 iterations the fit converged.
final sum of squares of residuals : 0.0507532
rel. change during last iteration : -3.16476e-07

degrees of freedom    (FIT_NDF)                        : 997
rms of residuals      (FIT_STDFIT) = sqrt(WSSR/ndf)    : 0.00713484
variance of residuals (reduced chisquare) = WSSR/ndf   : 5.0906e-05

Final set of parameters            Asymptotic Standard Error
=======================            ==========================
C1              = 2.09641          +/- 0.001039     (0.04955%)
C2              = 1.03523          +/- 0.006538     (0.6315%)

correlation matrix of the fit parameters:
                C1     C2     
C1              1.000 
C2              0.157  1.000 
