

*******************************************************************************
Mon Sep 24 17:14:38 2018


FIT:    data read from "../data/flat_KT=".i.".data" u 1:3
        format = x:z
        #datapoints = 10000
        residuals are weighted equally (unit weight)

function used for fitting: f(x)
	f(x) = a*x
fitted parameters initialized with current variable values

iter      chisq       delta/lim  lambda   a            
   0 1.5251699863e+08   0.00e+00  5.77e+03    1.000000e+00
   2 1.3293982489e+07  -1.05e-02  5.77e+01    9.795615e-01

After 2 iterations the fit converged.
final sum of squares of residuals : 1.3294e+07
rel. change during last iteration : -1.04705e-07

degrees of freedom    (FIT_NDF)                        : 9999
rms of residuals      (FIT_STDFIT) = sqrt(WSSR/ndf)    : 36.4627
variance of residuals (reduced chisquare) = WSSR/ndf   : 1329.53

Final set of parameters            Asymptotic Standard Error
=======================            ==========================
a               = 0.979562         +/- 6.316e-05    (0.006448%)


*******************************************************************************
Mon Sep 24 17:14:38 2018


FIT:    data read from "../data/flat_KT=".i.".data" u 1:3
        format = x:z
        #datapoints = 10000
        residuals are weighted equally (unit weight)

function used for fitting: f(x)
	f(x) = a*x
fitted parameters initialized with current variable values

iter      chisq       delta/lim  lambda   a            
   0 6.9312781148e+08   0.00e+00  5.66e+03    9.795615e-01
   2 1.9065662014e+06  -3.62e-01  5.66e+01    1.025102e+00

After 2 iterations the fit converged.
final sum of squares of residuals : 1.90657e+06
rel. change during last iteration : -3.62475e-06

degrees of freedom    (FIT_NDF)                        : 9999
rms of residuals      (FIT_STDFIT) = sqrt(WSSR/ndf)    : 13.8085
variance of residuals (reduced chisquare) = WSSR/ndf   : 190.676

Final set of parameters            Asymptotic Standard Error
=======================            ==========================
a               = 1.0251           +/- 2.392e-05    (0.002333%)


*******************************************************************************
Mon Sep 24 17:14:38 2018


FIT:    data read from "../data/flat_KT=".i.".data" u 1:3
        format = x:z
        #datapoints = 10000
        residuals are weighted equally (unit weight)

function used for fitting: f(x)
	f(x) = a*x
fitted parameters initialized with current variable values

iter      chisq       delta/lim  lambda   a            
   0 7.6613126441e+07   0.00e+00  5.92e+03    1.025102e+00
   2 6.1447188955e+07  -2.47e-04  5.92e+01    1.031848e+00

After 2 iterations the fit converged.
final sum of squares of residuals : 6.14472e+07
rel. change during last iteration : -2.46763e-09

degrees of freedom    (FIT_NDF)                        : 9999
rms of residuals      (FIT_STDFIT) = sqrt(WSSR/ndf)    : 78.3922
variance of residuals (reduced chisquare) = WSSR/ndf   : 6145.33

Final set of parameters            Asymptotic Standard Error
=======================            ==========================
a               = 1.03185          +/- 0.0001358    (0.01316%)


*******************************************************************************
Mon Sep 24 17:14:38 2018


FIT:    data read from "../data/flat_KT=".i.".data" u 1:3
        format = x:z
        #datapoints = 10000
        residuals are weighted equally (unit weight)

function used for fitting: f(x)
	f(x) = a*x
fitted parameters initialized with current variable values

iter      chisq       delta/lim  lambda   a            
   0 2.1512711070e+08   0.00e+00  5.96e+03    1.031848e+00
   2 3.7291265743e+06  -5.67e-02  5.96e+01    1.006663e+00

After 2 iterations the fit converged.
final sum of squares of residuals : 3.72913e+06
rel. change during last iteration : -5.6677e-07

degrees of freedom    (FIT_NDF)                        : 9999
rms of residuals      (FIT_STDFIT) = sqrt(WSSR/ndf)    : 19.3119
variance of residuals (reduced chisquare) = WSSR/ndf   : 372.95

Final set of parameters            Asymptotic Standard Error
=======================            ==========================
a               = 1.00666          +/- 3.345e-05    (0.003323%)


*******************************************************************************
Mon Sep 24 17:14:38 2018


FIT:    data read from "../data/flat_KT=".i.".data" u 1:3
        format = x:z
        #datapoints = 10000
        residuals are weighted equally (unit weight)

function used for fitting: f(x)
	f(x) = a*x
fitted parameters initialized with current variable values

iter      chisq       delta/lim  lambda   a            
   0 6.0654684222e+08   0.00e+00  5.81e+03    1.006663e+00
   2 4.3665455586e+06  -1.38e-01  5.81e+01    9.641564e-01

After 2 iterations the fit converged.
final sum of squares of residuals : 4.36655e+06
rel. change during last iteration : -1.3788e-06

degrees of freedom    (FIT_NDF)                        : 9999
rms of residuals      (FIT_STDFIT) = sqrt(WSSR/ndf)    : 20.8973
variance of residuals (reduced chisquare) = WSSR/ndf   : 436.698

Final set of parameters            Asymptotic Standard Error
=======================            ==========================
a               = 0.964156         +/- 3.62e-05     (0.003754%)


*******************************************************************************
Mon Sep 24 17:16:54 2018


FIT:    data read from "../data/flat_KT=".i.".data" u 1:3
        format = x:z
        #datapoints = 10000
        residuals are weighted equally (unit weight)

function used for fitting: f(x)
	f(x) = a*x
fitted parameters initialized with current variable values

iter      chisq       delta/lim  lambda   a            
   0 1.5251699863e+08   0.00e+00  5.77e+03    1.000000e+00
   2 1.3293982489e+07  -1.05e-02  5.77e+01    9.795615e-01

After 2 iterations the fit converged.
final sum of squares of residuals : 1.3294e+07
rel. change during last iteration : -1.04705e-07

degrees of freedom    (FIT_NDF)                        : 9999
rms of residuals      (FIT_STDFIT) = sqrt(WSSR/ndf)    : 36.4627
variance of residuals (reduced chisquare) = WSSR/ndf   : 1329.53

Final set of parameters            Asymptotic Standard Error
=======================            ==========================
a               = 0.979562         +/- 6.316e-05    (0.006448%)


*******************************************************************************
Mon Sep 24 17:17:27 2018


FIT:    data read from "../data/flat_KT=".i.".data" u 1:3
        format = x:z
        #datapoints = 10000
        residuals are weighted equally (unit weight)

function used for fitting: f(x)
	f(x) = a*x
fitted parameters initialized with current variable values

iter      chisq       delta/lim  lambda   a            
   0 1.5251699863e+08   0.00e+00  5.77e+03    1.000000e+00
   2 1.3293982489e+07  -1.05e-02  5.77e+01    9.795615e-01

After 2 iterations the fit converged.
final sum of squares of residuals : 1.3294e+07
rel. change during last iteration : -1.04705e-07

degrees of freedom    (FIT_NDF)                        : 9999
rms of residuals      (FIT_STDFIT) = sqrt(WSSR/ndf)    : 36.4627
variance of residuals (reduced chisquare) = WSSR/ndf   : 1329.53

Final set of parameters            Asymptotic Standard Error
=======================            ==========================
a               = 0.979562         +/- 6.316e-05    (0.006448%)


*******************************************************************************
Mon Sep 24 17:17:55 2018


FIT:    data read from "../data/flat_KT=".i.".data" u 1:3
        format = x:z
        #datapoints = 10000
        residuals are weighted equally (unit weight)

function used for fitting: f(x)
	f(x) = a*x
fitted parameters initialized with current variable values

iter      chisq       delta/lim  lambda   a            
   0 1.5251699863e+08   0.00e+00  5.77e+03    1.000000e+00
   2 1.3293982489e+07  -1.05e-02  5.77e+01    9.795615e-01

After 2 iterations the fit converged.
final sum of squares of residuals : 1.3294e+07
rel. change during last iteration : -1.04705e-07

degrees of freedom    (FIT_NDF)                        : 9999
rms of residuals      (FIT_STDFIT) = sqrt(WSSR/ndf)    : 36.4627
variance of residuals (reduced chisquare) = WSSR/ndf   : 1329.53

Final set of parameters            Asymptotic Standard Error
=======================            ==========================
a               = 0.979562         +/- 6.316e-05    (0.006448%)


*******************************************************************************
Mon Sep 24 17:18:49 2018


FIT:    data read from "../data/flat_KT=".i.".data" u 1:3
        format = x:z
        #datapoints = 10000
        residuals are weighted equally (unit weight)

function used for fitting: f(x)
	f(x) = a*x
fitted parameters initialized with current variable values

iter      chisq       delta/lim  lambda   a            
   0 1.5251699863e+08   0.00e+00  5.77e+03    1.000000e+00
   2 1.3293982489e+07  -1.05e-02  5.77e+01    9.795615e-01

After 2 iterations the fit converged.
final sum of squares of residuals : 1.3294e+07
rel. change during last iteration : -1.04705e-07

degrees of freedom    (FIT_NDF)                        : 9999
rms of residuals      (FIT_STDFIT) = sqrt(WSSR/ndf)    : 36.4627
variance of residuals (reduced chisquare) = WSSR/ndf   : 1329.53

Final set of parameters            Asymptotic Standard Error
=======================            ==========================
a               = 0.979562         +/- 6.316e-05    (0.006448%)


*******************************************************************************
Mon Sep 24 17:19:53 2018


FIT:    data read from "../data/flat_KT=".i.".data" u 1:3
        format = x:z
        #datapoints = 10000
        residuals are weighted equally (unit weight)

function used for fitting: f(x)
	f(x) = a*x
fitted parameters initialized with current variable values

iter      chisq       delta/lim  lambda   a            
   0 1.5251699863e+08   0.00e+00  5.77e+03    1.000000e+00
   2 1.3293982489e+07  -1.05e-02  5.77e+01    9.795615e-01

After 2 iterations the fit converged.
final sum of squares of residuals : 1.3294e+07
rel. change during last iteration : -1.04705e-07

degrees of freedom    (FIT_NDF)                        : 9999
rms of residuals      (FIT_STDFIT) = sqrt(WSSR/ndf)    : 36.4627
variance of residuals (reduced chisquare) = WSSR/ndf   : 1329.53

Final set of parameters            Asymptotic Standard Error
=======================            ==========================
a               = 0.979562         +/- 6.316e-05    (0.006448%)


*******************************************************************************
Mon Sep 24 17:20:23 2018


FIT:    data read from "../data/flat_KT=".i.".data" u 1:3
        format = x:z
        #datapoints = 10000
        residuals are weighted equally (unit weight)

function used for fitting: f(x)
	f(x) = a*x
fitted parameters initialized with current variable values

iter      chisq       delta/lim  lambda   a            
   0 1.5251699863e+08   0.00e+00  5.77e+03    1.000000e+00
   2 1.3293982489e+07  -1.05e-02  5.77e+01    9.795615e-01

After 2 iterations the fit converged.
final sum of squares of residuals : 1.3294e+07
rel. change during last iteration : -1.04705e-07

degrees of freedom    (FIT_NDF)                        : 9999
rms of residuals      (FIT_STDFIT) = sqrt(WSSR/ndf)    : 36.4627
variance of residuals (reduced chisquare) = WSSR/ndf   : 1329.53

Final set of parameters            Asymptotic Standard Error
=======================            ==========================
a               = 0.979562         +/- 6.316e-05    (0.006448%)


*******************************************************************************
Mon Sep 24 17:20:24 2018


FIT:    data read from "../data/flat_KT=".i.".data" u 1:3
        format = x:z
        #datapoints = 10000
        residuals are weighted equally (unit weight)

function used for fitting: f(x)
	f(x) = a*x
fitted parameters initialized with current variable values

iter      chisq       delta/lim  lambda   a            
   0 6.9312781148e+08   0.00e+00  5.66e+03    9.795615e-01
   2 1.9065662014e+06  -3.62e-01  5.66e+01    1.025102e+00

After 2 iterations the fit converged.
final sum of squares of residuals : 1.90657e+06
rel. change during last iteration : -3.62475e-06

degrees of freedom    (FIT_NDF)                        : 9999
rms of residuals      (FIT_STDFIT) = sqrt(WSSR/ndf)    : 13.8085
variance of residuals (reduced chisquare) = WSSR/ndf   : 190.676

Final set of parameters            Asymptotic Standard Error
=======================            ==========================
a               = 1.0251           +/- 2.392e-05    (0.002333%)


*******************************************************************************
Mon Sep 24 17:20:24 2018


FIT:    data read from "../data/flat_KT=".i.".data" u 1:3
        format = x:z
        #datapoints = 10000
        residuals are weighted equally (unit weight)

function used for fitting: f(x)
	f(x) = a*x
fitted parameters initialized with current variable values

iter      chisq       delta/lim  lambda   a            
   0 7.6613126441e+07   0.00e+00  5.92e+03    1.025102e+00
   2 6.1447188955e+07  -2.47e-04  5.92e+01    1.031848e+00

After 2 iterations the fit converged.
final sum of squares of residuals : 6.14472e+07
rel. change during last iteration : -2.46763e-09

degrees of freedom    (FIT_NDF)                        : 9999
rms of residuals      (FIT_STDFIT) = sqrt(WSSR/ndf)    : 78.3922
variance of residuals (reduced chisquare) = WSSR/ndf   : 6145.33

Final set of parameters            Asymptotic Standard Error
=======================            ==========================
a               = 1.03185          +/- 0.0001358    (0.01316%)


*******************************************************************************
Mon Sep 24 17:20:24 2018


FIT:    data read from "../data/flat_KT=".i.".data" u 1:3
        format = x:z
        #datapoints = 10000
        residuals are weighted equally (unit weight)

function used for fitting: f(x)
	f(x) = a*x
fitted parameters initialized with current variable values

iter      chisq       delta/lim  lambda   a            
   0 2.1512711070e+08   0.00e+00  5.96e+03    1.031848e+00
   2 3.7291265743e+06  -5.67e-02  5.96e+01    1.006663e+00

After 2 iterations the fit converged.
final sum of squares of residuals : 3.72913e+06
rel. change during last iteration : -5.6677e-07

degrees of freedom    (FIT_NDF)                        : 9999
rms of residuals      (FIT_STDFIT) = sqrt(WSSR/ndf)    : 19.3119
variance of residuals (reduced chisquare) = WSSR/ndf   : 372.95

Final set of parameters            Asymptotic Standard Error
=======================            ==========================
a               = 1.00666          +/- 3.345e-05    (0.003323%)


*******************************************************************************
Mon Sep 24 17:20:24 2018


FIT:    data read from "../data/flat_KT=".i.".data" u 1:3
        format = x:z
        #datapoints = 10000
        residuals are weighted equally (unit weight)

function used for fitting: f(x)
	f(x) = a*x
fitted parameters initialized with current variable values

iter      chisq       delta/lim  lambda   a            
   0 6.0654684222e+08   0.00e+00  5.81e+03    1.006663e+00
   2 4.3665455586e+06  -1.38e-01  5.81e+01    9.641564e-01

After 2 iterations the fit converged.
final sum of squares of residuals : 4.36655e+06
rel. change during last iteration : -1.3788e-06

degrees of freedom    (FIT_NDF)                        : 9999
rms of residuals      (FIT_STDFIT) = sqrt(WSSR/ndf)    : 20.8973
variance of residuals (reduced chisquare) = WSSR/ndf   : 436.698

Final set of parameters            Asymptotic Standard Error
=======================            ==========================
a               = 0.964156         +/- 3.62e-05     (0.003754%)


*******************************************************************************
Mon Sep 24 17:21:24 2018


FIT:    data read from "../data/flat_KT=".i.".data" u 1:3
        format = x:z
        #datapoints = 10000
        residuals are weighted equally (unit weight)

function used for fitting: f(x)
	f(x) = a*x
fitted parameters initialized with current variable values

iter      chisq       delta/lim  lambda   a            
   0 1.5251699863e+08   0.00e+00  5.77e+03    1.000000e+00
   2 1.3293982489e+07  -1.05e-02  5.77e+01    9.795615e-01

After 2 iterations the fit converged.
final sum of squares of residuals : 1.3294e+07
rel. change during last iteration : -1.04705e-07

degrees of freedom    (FIT_NDF)                        : 9999
rms of residuals      (FIT_STDFIT) = sqrt(WSSR/ndf)    : 36.4627
variance of residuals (reduced chisquare) = WSSR/ndf   : 1329.53

Final set of parameters            Asymptotic Standard Error
=======================            ==========================
a               = 0.979562         +/- 6.316e-05    (0.006448%)


*******************************************************************************
Mon Sep 24 17:21:24 2018


FIT:    data read from "../data/flat_KT=".i.".data" u 1:3
        format = x:z
        #datapoints = 10000
        residuals are weighted equally (unit weight)

function used for fitting: f(x)
	f(x) = a*x
fitted parameters initialized with current variable values

iter      chisq       delta/lim  lambda   a            
   0 6.9312781148e+08   0.00e+00  5.66e+03    9.795615e-01
   2 1.9065662014e+06  -3.62e-01  5.66e+01    1.025102e+00

After 2 iterations the fit converged.
final sum of squares of residuals : 1.90657e+06
rel. change during last iteration : -3.62475e-06

degrees of freedom    (FIT_NDF)                        : 9999
rms of residuals      (FIT_STDFIT) = sqrt(WSSR/ndf)    : 13.8085
variance of residuals (reduced chisquare) = WSSR/ndf   : 190.676

Final set of parameters            Asymptotic Standard Error
=======================            ==========================
a               = 1.0251           +/- 2.392e-05    (0.002333%)


*******************************************************************************
Mon Sep 24 17:21:24 2018


FIT:    data read from "../data/flat_KT=".i.".data" u 1:3
        format = x:z
        #datapoints = 10000
        residuals are weighted equally (unit weight)

function used for fitting: f(x)
	f(x) = a*x
fitted parameters initialized with current variable values

iter      chisq       delta/lim  lambda   a            
   0 7.6613126441e+07   0.00e+00  5.92e+03    1.025102e+00
   2 6.1447188955e+07  -2.47e-04  5.92e+01    1.031848e+00

After 2 iterations the fit converged.
final sum of squares of residuals : 6.14472e+07
rel. change during last iteration : -2.46763e-09

degrees of freedom    (FIT_NDF)                        : 9999
rms of residuals      (FIT_STDFIT) = sqrt(WSSR/ndf)    : 78.3922
variance of residuals (reduced chisquare) = WSSR/ndf   : 6145.33

Final set of parameters            Asymptotic Standard Error
=======================            ==========================
a               = 1.03185          +/- 0.0001358    (0.01316%)


*******************************************************************************
Mon Sep 24 17:21:25 2018


FIT:    data read from "../data/flat_KT=".i.".data" u 1:3
        format = x:z
        #datapoints = 10000
        residuals are weighted equally (unit weight)

function used for fitting: f(x)
	f(x) = a*x
fitted parameters initialized with current variable values

iter      chisq       delta/lim  lambda   a            
   0 2.1512711070e+08   0.00e+00  5.96e+03    1.031848e+00
   2 3.7291265743e+06  -5.67e-02  5.96e+01    1.006663e+00

After 2 iterations the fit converged.
final sum of squares of residuals : 3.72913e+06
rel. change during last iteration : -5.6677e-07

degrees of freedom    (FIT_NDF)                        : 9999
rms of residuals      (FIT_STDFIT) = sqrt(WSSR/ndf)    : 19.3119
variance of residuals (reduced chisquare) = WSSR/ndf   : 372.95

Final set of parameters            Asymptotic Standard Error
=======================            ==========================
a               = 1.00666          +/- 3.345e-05    (0.003323%)


*******************************************************************************
Mon Sep 24 17:21:25 2018


FIT:    data read from "../data/flat_KT=".i.".data" u 1:3
        format = x:z
        #datapoints = 10000
        residuals are weighted equally (unit weight)

function used for fitting: f(x)
	f(x) = a*x
fitted parameters initialized with current variable values

iter      chisq       delta/lim  lambda   a            
   0 6.0654684222e+08   0.00e+00  5.81e+03    1.006663e+00
   2 4.3665455586e+06  -1.38e-01  5.81e+01    9.641564e-01

After 2 iterations the fit converged.
final sum of squares of residuals : 4.36655e+06
rel. change during last iteration : -1.3788e-06

degrees of freedom    (FIT_NDF)                        : 9999
rms of residuals      (FIT_STDFIT) = sqrt(WSSR/ndf)    : 20.8973
variance of residuals (reduced chisquare) = WSSR/ndf   : 436.698

Final set of parameters            Asymptotic Standard Error
=======================            ==========================
a               = 0.964156         +/- 3.62e-05     (0.003754%)


*******************************************************************************
Mon Sep 24 17:21:55 2018


FIT:    data read from "../data/flat_KT=".i.".data" u 1:3
        format = x:z
        #datapoints = 10000
        residuals are weighted equally (unit weight)

function used for fitting: f(x)
	f(x) = a*x
fitted parameters initialized with current variable values

iter      chisq       delta/lim  lambda   a            
   0 1.5251699863e+08   0.00e+00  5.77e+03    1.000000e+00
   2 1.3293982489e+07  -1.05e-02  5.77e+01    9.795615e-01

After 2 iterations the fit converged.
final sum of squares of residuals : 1.3294e+07
rel. change during last iteration : -1.04705e-07

degrees of freedom    (FIT_NDF)                        : 9999
rms of residuals      (FIT_STDFIT) = sqrt(WSSR/ndf)    : 36.4627
variance of residuals (reduced chisquare) = WSSR/ndf   : 1329.53

Final set of parameters            Asymptotic Standard Error
=======================            ==========================
a               = 0.979562         +/- 6.316e-05    (0.006448%)


*******************************************************************************
Mon Sep 24 17:21:55 2018


FIT:    data read from "../data/flat_KT=".i.".data" u 1:3
        format = x:z
        #datapoints = 10000
        residuals are weighted equally (unit weight)

function used for fitting: f(x)
	f(x) = a*x
fitted parameters initialized with current variable values

iter      chisq       delta/lim  lambda   a            
   0 6.9312781148e+08   0.00e+00  5.66e+03    9.795615e-01
   2 1.9065662014e+06  -3.62e-01  5.66e+01    1.025102e+00

After 2 iterations the fit converged.
final sum of squares of residuals : 1.90657e+06
rel. change during last iteration : -3.62475e-06

degrees of freedom    (FIT_NDF)                        : 9999
rms of residuals      (FIT_STDFIT) = sqrt(WSSR/ndf)    : 13.8085
variance of residuals (reduced chisquare) = WSSR/ndf   : 190.676

Final set of parameters            Asymptotic Standard Error
=======================            ==========================
a               = 1.0251           +/- 2.392e-05    (0.002333%)


*******************************************************************************
Mon Sep 24 17:21:55 2018


FIT:    data read from "../data/flat_KT=".i.".data" u 1:3
        format = x:z
        #datapoints = 10000
        residuals are weighted equally (unit weight)

function used for fitting: f(x)
	f(x) = a*x
fitted parameters initialized with current variable values

iter      chisq       delta/lim  lambda   a            
   0 7.6613126441e+07   0.00e+00  5.92e+03    1.025102e+00
   2 6.1447188955e+07  -2.47e-04  5.92e+01    1.031848e+00

After 2 iterations the fit converged.
final sum of squares of residuals : 6.14472e+07
rel. change during last iteration : -2.46763e-09

degrees of freedom    (FIT_NDF)                        : 9999
rms of residuals      (FIT_STDFIT) = sqrt(WSSR/ndf)    : 78.3922
variance of residuals (reduced chisquare) = WSSR/ndf   : 6145.33

Final set of parameters            Asymptotic Standard Error
=======================            ==========================
a               = 1.03185          +/- 0.0001358    (0.01316%)


*******************************************************************************
Mon Sep 24 17:21:55 2018


FIT:    data read from "../data/flat_KT=".i.".data" u 1:3
        format = x:z
        #datapoints = 10000
        residuals are weighted equally (unit weight)

function used for fitting: f(x)
	f(x) = a*x
fitted parameters initialized with current variable values

iter      chisq       delta/lim  lambda   a            
   0 2.1512711070e+08   0.00e+00  5.96e+03    1.031848e+00
   2 3.7291265743e+06  -5.67e-02  5.96e+01    1.006663e+00

After 2 iterations the fit converged.
final sum of squares of residuals : 3.72913e+06
rel. change during last iteration : -5.6677e-07

degrees of freedom    (FIT_NDF)                        : 9999
rms of residuals      (FIT_STDFIT) = sqrt(WSSR/ndf)    : 19.3119
variance of residuals (reduced chisquare) = WSSR/ndf   : 372.95

Final set of parameters            Asymptotic Standard Error
=======================            ==========================
a               = 1.00666          +/- 3.345e-05    (0.003323%)


*******************************************************************************
Mon Sep 24 17:21:55 2018


FIT:    data read from "../data/flat_KT=".i.".data" u 1:3
        format = x:z
        #datapoints = 10000
        residuals are weighted equally (unit weight)

function used for fitting: f(x)
	f(x) = a*x
fitted parameters initialized with current variable values

iter      chisq       delta/lim  lambda   a            
   0 6.0654684222e+08   0.00e+00  5.81e+03    1.006663e+00
   2 4.3665455586e+06  -1.38e-01  5.81e+01    9.641564e-01

After 2 iterations the fit converged.
final sum of squares of residuals : 4.36655e+06
rel. change during last iteration : -1.3788e-06

degrees of freedom    (FIT_NDF)                        : 9999
rms of residuals      (FIT_STDFIT) = sqrt(WSSR/ndf)    : 20.8973
variance of residuals (reduced chisquare) = WSSR/ndf   : 436.698

Final set of parameters            Asymptotic Standard Error
=======================            ==========================
a               = 0.964156         +/- 3.62e-05     (0.003754%)


*******************************************************************************
Mon Sep 24 17:22:27 2018


FIT:    data read from "../data/flat_KT=".i.".data" u 1:3
        format = x:z
        #datapoints = 10000
        residuals are weighted equally (unit weight)

function used for fitting: f(x)
	f(x) = a*x
fitted parameters initialized with current variable values

iter      chisq       delta/lim  lambda   a            
   0 1.5251699863e+08   0.00e+00  5.77e+03    1.000000e+00
   2 1.3293982489e+07  -1.05e-02  5.77e+01    9.795615e-01

After 2 iterations the fit converged.
final sum of squares of residuals : 1.3294e+07
rel. change during last iteration : -1.04705e-07

degrees of freedom    (FIT_NDF)                        : 9999
rms of residuals      (FIT_STDFIT) = sqrt(WSSR/ndf)    : 36.4627
variance of residuals (reduced chisquare) = WSSR/ndf   : 1329.53

Final set of parameters            Asymptotic Standard Error
=======================            ==========================
a               = 0.979562         +/- 6.316e-05    (0.006448%)


*******************************************************************************
Mon Sep 24 17:22:27 2018


FIT:    data read from "../data/flat_KT=".i.".data" u 1:3
        format = x:z
        #datapoints = 10000
        residuals are weighted equally (unit weight)

function used for fitting: f(x)
	f(x) = a*x
fitted parameters initialized with current variable values

iter      chisq       delta/lim  lambda   a            
   0 6.9312781148e+08   0.00e+00  5.66e+03    9.795615e-01
   2 1.9065662014e+06  -3.62e-01  5.66e+01    1.025102e+00

After 2 iterations the fit converged.
final sum of squares of residuals : 1.90657e+06
rel. change during last iteration : -3.62475e-06

degrees of freedom    (FIT_NDF)                        : 9999
rms of residuals      (FIT_STDFIT) = sqrt(WSSR/ndf)    : 13.8085
variance of residuals (reduced chisquare) = WSSR/ndf   : 190.676

Final set of parameters            Asymptotic Standard Error
=======================            ==========================
a               = 1.0251           +/- 2.392e-05    (0.002333%)


*******************************************************************************
Mon Sep 24 17:22:27 2018


FIT:    data read from "../data/flat_KT=".i.".data" u 1:3
        format = x:z
        #datapoints = 10000
        residuals are weighted equally (unit weight)

function used for fitting: f(x)
	f(x) = a*x
fitted parameters initialized with current variable values

iter      chisq       delta/lim  lambda   a            
   0 7.6613126441e+07   0.00e+00  5.92e+03    1.025102e+00
   2 6.1447188955e+07  -2.47e-04  5.92e+01    1.031848e+00

After 2 iterations the fit converged.
final sum of squares of residuals : 6.14472e+07
rel. change during last iteration : -2.46763e-09

degrees of freedom    (FIT_NDF)                        : 9999
rms of residuals      (FIT_STDFIT) = sqrt(WSSR/ndf)    : 78.3922
variance of residuals (reduced chisquare) = WSSR/ndf   : 6145.33

Final set of parameters            Asymptotic Standard Error
=======================            ==========================
a               = 1.03185          +/- 0.0001358    (0.01316%)


*******************************************************************************
Mon Sep 24 17:22:27 2018


FIT:    data read from "../data/flat_KT=".i.".data" u 1:3
        format = x:z
        #datapoints = 10000
        residuals are weighted equally (unit weight)

function used for fitting: f(x)
	f(x) = a*x
fitted parameters initialized with current variable values

iter      chisq       delta/lim  lambda   a            
   0 2.1512711070e+08   0.00e+00  5.96e+03    1.031848e+00
   2 3.7291265743e+06  -5.67e-02  5.96e+01    1.006663e+00

After 2 iterations the fit converged.
final sum of squares of residuals : 3.72913e+06
rel. change during last iteration : -5.6677e-07

degrees of freedom    (FIT_NDF)                        : 9999
rms of residuals      (FIT_STDFIT) = sqrt(WSSR/ndf)    : 19.3119
variance of residuals (reduced chisquare) = WSSR/ndf   : 372.95

Final set of parameters            Asymptotic Standard Error
=======================            ==========================
a               = 1.00666          +/- 3.345e-05    (0.003323%)


*******************************************************************************
Mon Sep 24 17:22:27 2018


FIT:    data read from "../data/flat_KT=".i.".data" u 1:3
        format = x:z
        #datapoints = 10000
        residuals are weighted equally (unit weight)

function used for fitting: f(x)
	f(x) = a*x
fitted parameters initialized with current variable values

iter      chisq       delta/lim  lambda   a            
   0 6.0654684222e+08   0.00e+00  5.81e+03    1.006663e+00
   2 4.3665455586e+06  -1.38e-01  5.81e+01    9.641564e-01

After 2 iterations the fit converged.
final sum of squares of residuals : 4.36655e+06
rel. change during last iteration : -1.3788e-06

degrees of freedom    (FIT_NDF)                        : 9999
rms of residuals      (FIT_STDFIT) = sqrt(WSSR/ndf)    : 20.8973
variance of residuals (reduced chisquare) = WSSR/ndf   : 436.698

Final set of parameters            Asymptotic Standard Error
=======================            ==========================
a               = 0.964156         +/- 3.62e-05     (0.003754%)


*******************************************************************************
Mon Sep 24 17:23:52 2018


FIT:    data read from "../data/flat_KT=".i.".data" u 1:3
        format = x:z
        #datapoints = 10000
        residuals are weighted equally (unit weight)

function used for fitting: f(x)
	f(x) = a*x
fitted parameters initialized with current variable values

iter      chisq       delta/lim  lambda   a            
   0 1.5251699863e+08   0.00e+00  5.77e+03    1.000000e+00
   2 1.3293982489e+07  -1.05e-02  5.77e+01    9.795615e-01

After 2 iterations the fit converged.
final sum of squares of residuals : 1.3294e+07
rel. change during last iteration : -1.04705e-07

degrees of freedom    (FIT_NDF)                        : 9999
rms of residuals      (FIT_STDFIT) = sqrt(WSSR/ndf)    : 36.4627
variance of residuals (reduced chisquare) = WSSR/ndf   : 1329.53

Final set of parameters            Asymptotic Standard Error
=======================            ==========================
a               = 0.979562         +/- 6.316e-05    (0.006448%)


*******************************************************************************
Mon Sep 24 17:23:52 2018


FIT:    data read from "../data/flat_KT=".i.".data" u 1:3
        format = x:z
        #datapoints = 10000
        residuals are weighted equally (unit weight)

function used for fitting: f(x)
	f(x) = a*x
fitted parameters initialized with current variable values

iter      chisq       delta/lim  lambda   a            
   0 6.9312781148e+08   0.00e+00  5.66e+03    9.795615e-01
   2 1.9065662014e+06  -3.62e-01  5.66e+01    1.025102e+00

After 2 iterations the fit converged.
final sum of squares of residuals : 1.90657e+06
rel. change during last iteration : -3.62475e-06

degrees of freedom    (FIT_NDF)                        : 9999
rms of residuals      (FIT_STDFIT) = sqrt(WSSR/ndf)    : 13.8085
variance of residuals (reduced chisquare) = WSSR/ndf   : 190.676

Final set of parameters            Asymptotic Standard Error
=======================            ==========================
a               = 1.0251           +/- 2.392e-05    (0.002333%)


*******************************************************************************
Mon Sep 24 17:23:52 2018


FIT:    data read from "../data/flat_KT=".i.".data" u 1:3
        format = x:z
        #datapoints = 10000
        residuals are weighted equally (unit weight)

function used for fitting: f(x)
	f(x) = a*x
fitted parameters initialized with current variable values

iter      chisq       delta/lim  lambda   a            
   0 7.6613126441e+07   0.00e+00  5.92e+03    1.025102e+00
   2 6.1447188955e+07  -2.47e-04  5.92e+01    1.031848e+00

After 2 iterations the fit converged.
final sum of squares of residuals : 6.14472e+07
rel. change during last iteration : -2.46763e-09

degrees of freedom    (FIT_NDF)                        : 9999
rms of residuals      (FIT_STDFIT) = sqrt(WSSR/ndf)    : 78.3922
variance of residuals (reduced chisquare) = WSSR/ndf   : 6145.33

Final set of parameters            Asymptotic Standard Error
=======================            ==========================
a               = 1.03185          +/- 0.0001358    (0.01316%)


*******************************************************************************
Mon Sep 24 17:23:52 2018


FIT:    data read from "../data/flat_KT=".i.".data" u 1:3
        format = x:z
        #datapoints = 10000
        residuals are weighted equally (unit weight)

function used for fitting: f(x)
	f(x) = a*x
fitted parameters initialized with current variable values

iter      chisq       delta/lim  lambda   a            
   0 2.1512711070e+08   0.00e+00  5.96e+03    1.031848e+00
   2 3.7291265743e+06  -5.67e-02  5.96e+01    1.006663e+00

After 2 iterations the fit converged.
final sum of squares of residuals : 3.72913e+06
rel. change during last iteration : -5.6677e-07

degrees of freedom    (FIT_NDF)                        : 9999
rms of residuals      (FIT_STDFIT) = sqrt(WSSR/ndf)    : 19.3119
variance of residuals (reduced chisquare) = WSSR/ndf   : 372.95

Final set of parameters            Asymptotic Standard Error
=======================            ==========================
a               = 1.00666          +/- 3.345e-05    (0.003323%)


*******************************************************************************
Mon Sep 24 17:23:53 2018


FIT:    data read from "../data/flat_KT=".i.".data" u 1:3
        format = x:z
        #datapoints = 10000
        residuals are weighted equally (unit weight)

function used for fitting: f(x)
	f(x) = a*x
fitted parameters initialized with current variable values

iter      chisq       delta/lim  lambda   a            
   0 6.0654684222e+08   0.00e+00  5.81e+03    1.006663e+00
   2 4.3665455586e+06  -1.38e-01  5.81e+01    9.641564e-01

After 2 iterations the fit converged.
final sum of squares of residuals : 4.36655e+06
rel. change during last iteration : -1.3788e-06

degrees of freedom    (FIT_NDF)                        : 9999
rms of residuals      (FIT_STDFIT) = sqrt(WSSR/ndf)    : 20.8973
variance of residuals (reduced chisquare) = WSSR/ndf   : 436.698

Final set of parameters            Asymptotic Standard Error
=======================            ==========================
a               = 0.964156         +/- 3.62e-05     (0.003754%)


*******************************************************************************
Mon Sep 24 17:24:05 2018


FIT:    data read from "../data/flat_KT=".i.".data" u 1:3
        format = x:z
        #datapoints = 10000
        residuals are weighted equally (unit weight)

function used for fitting: f(x)
	f(x) = a*x
fitted parameters initialized with current variable values

iter      chisq       delta/lim  lambda   a            
   0 1.5251699863e+08   0.00e+00  5.77e+03    1.000000e+00
   2 1.3293982489e+07  -1.05e-02  5.77e+01    9.795615e-01

After 2 iterations the fit converged.
final sum of squares of residuals : 1.3294e+07
rel. change during last iteration : -1.04705e-07

degrees of freedom    (FIT_NDF)                        : 9999
rms of residuals      (FIT_STDFIT) = sqrt(WSSR/ndf)    : 36.4627
variance of residuals (reduced chisquare) = WSSR/ndf   : 1329.53

Final set of parameters            Asymptotic Standard Error
=======================            ==========================
a               = 0.979562         +/- 6.316e-05    (0.006448%)


*******************************************************************************
Mon Sep 24 17:24:05 2018


FIT:    data read from "../data/flat_KT=".i.".data" u 1:3
        format = x:z
        #datapoints = 10000
        residuals are weighted equally (unit weight)

function used for fitting: f(x)
	f(x) = a*x
fitted parameters initialized with current variable values

iter      chisq       delta/lim  lambda   a            
   0 6.9312781148e+08   0.00e+00  5.66e+03    9.795615e-01
   2 1.9065662014e+06  -3.62e-01  5.66e+01    1.025102e+00

After 2 iterations the fit converged.
final sum of squares of residuals : 1.90657e+06
rel. change during last iteration : -3.62475e-06

degrees of freedom    (FIT_NDF)                        : 9999
rms of residuals      (FIT_STDFIT) = sqrt(WSSR/ndf)    : 13.8085
variance of residuals (reduced chisquare) = WSSR/ndf   : 190.676

Final set of parameters            Asymptotic Standard Error
=======================            ==========================
a               = 1.0251           +/- 2.392e-05    (0.002333%)


*******************************************************************************
Mon Sep 24 17:24:05 2018


FIT:    data read from "../data/flat_KT=".i.".data" u 1:3
        format = x:z
        #datapoints = 10000
        residuals are weighted equally (unit weight)

function used for fitting: f(x)
	f(x) = a*x
fitted parameters initialized with current variable values

iter      chisq       delta/lim  lambda   a            
   0 7.6613126441e+07   0.00e+00  5.92e+03    1.025102e+00
   2 6.1447188955e+07  -2.47e-04  5.92e+01    1.031848e+00

After 2 iterations the fit converged.
final sum of squares of residuals : 6.14472e+07
rel. change during last iteration : -2.46763e-09

degrees of freedom    (FIT_NDF)                        : 9999
rms of residuals      (FIT_STDFIT) = sqrt(WSSR/ndf)    : 78.3922
variance of residuals (reduced chisquare) = WSSR/ndf   : 6145.33

Final set of parameters            Asymptotic Standard Error
=======================            ==========================
a               = 1.03185          +/- 0.0001358    (0.01316%)


*******************************************************************************
Mon Sep 24 17:24:05 2018


FIT:    data read from "../data/flat_KT=".i.".data" u 1:3
        format = x:z
        #datapoints = 10000
        residuals are weighted equally (unit weight)

function used for fitting: f(x)
	f(x) = a*x
fitted parameters initialized with current variable values

iter      chisq       delta/lim  lambda   a            
   0 2.1512711070e+08   0.00e+00  5.96e+03    1.031848e+00
   2 3.7291265743e+06  -5.67e-02  5.96e+01    1.006663e+00

After 2 iterations the fit converged.
final sum of squares of residuals : 3.72913e+06
rel. change during last iteration : -5.6677e-07

degrees of freedom    (FIT_NDF)                        : 9999
rms of residuals      (FIT_STDFIT) = sqrt(WSSR/ndf)    : 19.3119
variance of residuals (reduced chisquare) = WSSR/ndf   : 372.95

Final set of parameters            Asymptotic Standard Error
=======================            ==========================
a               = 1.00666          +/- 3.345e-05    (0.003323%)


*******************************************************************************
Mon Sep 24 17:24:05 2018


FIT:    data read from "../data/flat_KT=".i.".data" u 1:3
        format = x:z
        #datapoints = 10000
        residuals are weighted equally (unit weight)

function used for fitting: f(x)
	f(x) = a*x
fitted parameters initialized with current variable values

iter      chisq       delta/lim  lambda   a            
   0 6.0654684222e+08   0.00e+00  5.81e+03    1.006663e+00
   2 4.3665455586e+06  -1.38e-01  5.81e+01    9.641564e-01

After 2 iterations the fit converged.
final sum of squares of residuals : 4.36655e+06
rel. change during last iteration : -1.3788e-06

degrees of freedom    (FIT_NDF)                        : 9999
rms of residuals      (FIT_STDFIT) = sqrt(WSSR/ndf)    : 20.8973
variance of residuals (reduced chisquare) = WSSR/ndf   : 436.698

Final set of parameters            Asymptotic Standard Error
=======================            ==========================
a               = 0.964156         +/- 3.62e-05     (0.003754%)


*******************************************************************************
Mon Sep 24 17:24:18 2018


FIT:    data read from "../data/flat_KT=".i.".data" u 1:3
        format = x:z
        #datapoints = 10000
        residuals are weighted equally (unit weight)

function used for fitting: f(x)
	f(x) = a*x
fitted parameters initialized with current variable values

iter      chisq       delta/lim  lambda   a            
   0 1.5251699863e+08   0.00e+00  5.77e+03    1.000000e+00
   2 1.3293982489e+07  -1.05e-02  5.77e+01    9.795615e-01

After 2 iterations the fit converged.
final sum of squares of residuals : 1.3294e+07
rel. change during last iteration : -1.04705e-07

degrees of freedom    (FIT_NDF)                        : 9999
rms of residuals      (FIT_STDFIT) = sqrt(WSSR/ndf)    : 36.4627
variance of residuals (reduced chisquare) = WSSR/ndf   : 1329.53

Final set of parameters            Asymptotic Standard Error
=======================            ==========================
a               = 0.979562         +/- 6.316e-05    (0.006448%)


*******************************************************************************
Mon Sep 24 17:24:18 2018


FIT:    data read from "../data/flat_KT=".i.".data" u 1:3
        format = x:z
        #datapoints = 10000
        residuals are weighted equally (unit weight)

function used for fitting: f(x)
	f(x) = a*x
fitted parameters initialized with current variable values

iter      chisq       delta/lim  lambda   a            
   0 6.9312781148e+08   0.00e+00  5.66e+03    9.795615e-01
   2 1.9065662014e+06  -3.62e-01  5.66e+01    1.025102e+00

After 2 iterations the fit converged.
final sum of squares of residuals : 1.90657e+06
rel. change during last iteration : -3.62475e-06

degrees of freedom    (FIT_NDF)                        : 9999
rms of residuals      (FIT_STDFIT) = sqrt(WSSR/ndf)    : 13.8085
variance of residuals (reduced chisquare) = WSSR/ndf   : 190.676

Final set of parameters            Asymptotic Standard Error
=======================            ==========================
a               = 1.0251           +/- 2.392e-05    (0.002333%)


*******************************************************************************
Mon Sep 24 17:24:18 2018


FIT:    data read from "../data/flat_KT=".i.".data" u 1:3
        format = x:z
        #datapoints = 10000
        residuals are weighted equally (unit weight)

function used for fitting: f(x)
	f(x) = a*x
fitted parameters initialized with current variable values

iter      chisq       delta/lim  lambda   a            
   0 7.6613126441e+07   0.00e+00  5.92e+03    1.025102e+00
   2 6.1447188955e+07  -2.47e-04  5.92e+01    1.031848e+00

After 2 iterations the fit converged.
final sum of squares of residuals : 6.14472e+07
rel. change during last iteration : -2.46763e-09

degrees of freedom    (FIT_NDF)                        : 9999
rms of residuals      (FIT_STDFIT) = sqrt(WSSR/ndf)    : 78.3922
variance of residuals (reduced chisquare) = WSSR/ndf   : 6145.33

Final set of parameters            Asymptotic Standard Error
=======================            ==========================
a               = 1.03185          +/- 0.0001358    (0.01316%)


*******************************************************************************
Mon Sep 24 17:24:18 2018


FIT:    data read from "../data/flat_KT=".i.".data" u 1:3
        format = x:z
        #datapoints = 10000
        residuals are weighted equally (unit weight)

function used for fitting: f(x)
	f(x) = a*x
fitted parameters initialized with current variable values

iter      chisq       delta/lim  lambda   a            
   0 2.1512711070e+08   0.00e+00  5.96e+03    1.031848e+00
   2 3.7291265743e+06  -5.67e-02  5.96e+01    1.006663e+00

After 2 iterations the fit converged.
final sum of squares of residuals : 3.72913e+06
rel. change during last iteration : -5.6677e-07

degrees of freedom    (FIT_NDF)                        : 9999
rms of residuals      (FIT_STDFIT) = sqrt(WSSR/ndf)    : 19.3119
variance of residuals (reduced chisquare) = WSSR/ndf   : 372.95

Final set of parameters            Asymptotic Standard Error
=======================            ==========================
a               = 1.00666          +/- 3.345e-05    (0.003323%)


*******************************************************************************
Mon Sep 24 17:24:18 2018


FIT:    data read from "../data/flat_KT=".i.".data" u 1:3
        format = x:z
        #datapoints = 10000
        residuals are weighted equally (unit weight)

function used for fitting: f(x)
	f(x) = a*x
fitted parameters initialized with current variable values

iter      chisq       delta/lim  lambda   a            
   0 6.0654684222e+08   0.00e+00  5.81e+03    1.006663e+00
   2 4.3665455586e+06  -1.38e-01  5.81e+01    9.641564e-01

After 2 iterations the fit converged.
final sum of squares of residuals : 4.36655e+06
rel. change during last iteration : -1.3788e-06

degrees of freedom    (FIT_NDF)                        : 9999
rms of residuals      (FIT_STDFIT) = sqrt(WSSR/ndf)    : 20.8973
variance of residuals (reduced chisquare) = WSSR/ndf   : 436.698

Final set of parameters            Asymptotic Standard Error
=======================            ==========================
a               = 0.964156         +/- 3.62e-05     (0.003754%)


*******************************************************************************
Mon Sep 24 17:24:34 2018


FIT:    data read from "../data/flat_KT=".i.".data" u 1:3
        format = x:z
        #datapoints = 10000
        residuals are weighted equally (unit weight)

function used for fitting: f(x)
	f(x) = a*x
fitted parameters initialized with current variable values

iter      chisq       delta/lim  lambda   a            
   0 1.5251699863e+08   0.00e+00  5.77e+03    1.000000e+00
   2 1.3293982489e+07  -1.05e-02  5.77e+01    9.795615e-01

After 2 iterations the fit converged.
final sum of squares of residuals : 1.3294e+07
rel. change during last iteration : -1.04705e-07

degrees of freedom    (FIT_NDF)                        : 9999
rms of residuals      (FIT_STDFIT) = sqrt(WSSR/ndf)    : 36.4627
variance of residuals (reduced chisquare) = WSSR/ndf   : 1329.53

Final set of parameters            Asymptotic Standard Error
=======================            ==========================
a               = 0.979562         +/- 6.316e-05    (0.006448%)


*******************************************************************************
Mon Sep 24 17:24:34 2018


FIT:    data read from "../data/flat_KT=".i.".data" u 1:3
        format = x:z
        #datapoints = 10000
        residuals are weighted equally (unit weight)

function used for fitting: f(x)
	f(x) = a*x
fitted parameters initialized with current variable values

iter      chisq       delta/lim  lambda   a            
   0 6.9312781148e+08   0.00e+00  5.66e+03    9.795615e-01
   2 1.9065662014e+06  -3.62e-01  5.66e+01    1.025102e+00

After 2 iterations the fit converged.
final sum of squares of residuals : 1.90657e+06
rel. change during last iteration : -3.62475e-06

degrees of freedom    (FIT_NDF)                        : 9999
rms of residuals      (FIT_STDFIT) = sqrt(WSSR/ndf)    : 13.8085
variance of residuals (reduced chisquare) = WSSR/ndf   : 190.676

Final set of parameters            Asymptotic Standard Error
=======================            ==========================
a               = 1.0251           +/- 2.392e-05    (0.002333%)


*******************************************************************************
Mon Sep 24 17:24:34 2018


FIT:    data read from "../data/flat_KT=".i.".data" u 1:3
        format = x:z
        #datapoints = 10000
        residuals are weighted equally (unit weight)

function used for fitting: f(x)
	f(x) = a*x
fitted parameters initialized with current variable values

iter      chisq       delta/lim  lambda   a            
   0 7.6613126441e+07   0.00e+00  5.92e+03    1.025102e+00
   2 6.1447188955e+07  -2.47e-04  5.92e+01    1.031848e+00

After 2 iterations the fit converged.
final sum of squares of residuals : 6.14472e+07
rel. change during last iteration : -2.46763e-09

degrees of freedom    (FIT_NDF)                        : 9999
rms of residuals      (FIT_STDFIT) = sqrt(WSSR/ndf)    : 78.3922
variance of residuals (reduced chisquare) = WSSR/ndf   : 6145.33

Final set of parameters            Asymptotic Standard Error
=======================            ==========================
a               = 1.03185          +/- 0.0001358    (0.01316%)


*******************************************************************************
Mon Sep 24 17:24:34 2018


FIT:    data read from "../data/flat_KT=".i.".data" u 1:3
        format = x:z
        #datapoints = 10000
        residuals are weighted equally (unit weight)

function used for fitting: f(x)
	f(x) = a*x
fitted parameters initialized with current variable values

iter      chisq       delta/lim  lambda   a            
   0 2.1512711070e+08   0.00e+00  5.96e+03    1.031848e+00
   2 3.7291265743e+06  -5.67e-02  5.96e+01    1.006663e+00

After 2 iterations the fit converged.
final sum of squares of residuals : 3.72913e+06
rel. change during last iteration : -5.6677e-07

degrees of freedom    (FIT_NDF)                        : 9999
rms of residuals      (FIT_STDFIT) = sqrt(WSSR/ndf)    : 19.3119
variance of residuals (reduced chisquare) = WSSR/ndf   : 372.95

Final set of parameters            Asymptotic Standard Error
=======================            ==========================
a               = 1.00666          +/- 3.345e-05    (0.003323%)


*******************************************************************************
Mon Sep 24 17:24:34 2018


FIT:    data read from "../data/flat_KT=".i.".data" u 1:3
        format = x:z
        #datapoints = 10000
        residuals are weighted equally (unit weight)

function used for fitting: f(x)
	f(x) = a*x
fitted parameters initialized with current variable values

iter      chisq       delta/lim  lambda   a            
   0 6.0654684222e+08   0.00e+00  5.81e+03    1.006663e+00
   2 4.3665455586e+06  -1.38e-01  5.81e+01    9.641564e-01

After 2 iterations the fit converged.
final sum of squares of residuals : 4.36655e+06
rel. change during last iteration : -1.3788e-06

degrees of freedom    (FIT_NDF)                        : 9999
rms of residuals      (FIT_STDFIT) = sqrt(WSSR/ndf)    : 20.8973
variance of residuals (reduced chisquare) = WSSR/ndf   : 436.698

Final set of parameters            Asymptotic Standard Error
=======================            ==========================
a               = 0.964156         +/- 3.62e-05     (0.003754%)


*******************************************************************************
Mon Sep 24 17:25:35 2018


FIT:    data read from "../data/flat_KT=".i.".data" u 1:3
        format = x:z
        #datapoints = 10000
        residuals are weighted equally (unit weight)

function used for fitting: f(x)
	f(x) = a*x + b
fitted parameters initialized with current variable values



*******************************************************************************
Mon Sep 24 17:25:42 2018


FIT:    data read from "../data/flat_KT=".i.".data" u 1:3
        format = x:z
        #datapoints = 10000
        residuals are weighted equally (unit weight)

function used for fitting: f(x)
	f(x) = a*x + b
fitted parameters initialized with current variable values



*******************************************************************************
Mon Sep 24 17:25:52 2018


FIT:    data read from "../data/flat_KT=".i.".data" u 1:3
        format = x:z
        #datapoints = 10000
        residuals are weighted equally (unit weight)

function used for fitting: f(x)
	f(x) = a*x + b
fitted parameters initialized with current variable values

iter      chisq       delta/lim  lambda   a             b            
   0 1.5490641755e+08   0.00e+00  4.08e+03    1.000000e+00   1.000000e+00
   6 2.0212078815e+06  -1.53e-08  4.08e-03    9.896337e-01  -6.714487e+01

After 6 iterations the fit converged.
final sum of squares of residuals : 2.02121e+06
rel. change during last iteration : -1.52632e-13

degrees of freedom    (FIT_NDF)                        : 9998
rms of residuals      (FIT_STDFIT) = sqrt(WSSR/ndf)    : 14.2183
variance of residuals (reduced chisquare) = WSSR/ndf   : 202.161

Final set of parameters            Asymptotic Standard Error
=======================            ==========================
a               = 0.989634         +/- 4.925e-05    (0.004977%)
b               = -67.1449         +/- 0.2843       (0.4235%)

correlation matrix of the fit parameters:
                a      b      
a               1.000 
b              -0.866  1.000 


*******************************************************************************
Mon Sep 24 17:25:52 2018


FIT:    data read from "../data/flat_KT=".i.".data" u 1:3
        format = x:z
        #datapoints = 10000
        residuals are weighted equally (unit weight)

function used for fitting: f(x)
	f(x) = a*x + b
fitted parameters initialized with current variable values

iter      chisq       delta/lim  lambda   a             b            
   0 6.9695886914e+08   0.00e+00  4.04e+03    9.896337e-01  -6.714487e+01
   4 6.7840467786e+05  -1.11e-06  4.04e-01    1.028427e+00  -2.216283e+01

After 4 iterations the fit converged.
final sum of squares of residuals : 678405
rel. change during last iteration : -1.11085e-11

degrees of freedom    (FIT_NDF)                        : 9998
rms of residuals      (FIT_STDFIT) = sqrt(WSSR/ndf)    : 8.23736
variance of residuals (reduced chisquare) = WSSR/ndf   : 67.854

Final set of parameters            Asymptotic Standard Error
=======================            ==========================
a               = 1.02843          +/- 2.854e-05    (0.002775%)
b               = -22.1628         +/- 0.1647       (0.7433%)

correlation matrix of the fit parameters:
                a      b      
a               1.000 
b              -0.866  1.000 


*******************************************************************************
Mon Sep 24 17:25:52 2018


FIT:    data read from "../data/flat_KT=".i.".data" u 1:3
        format = x:z
        #datapoints = 10000
        residuals are weighted equally (unit weight)

function used for fitting: f(x)
	f(x) = a*x + b
fitted parameters initialized with current variable values

iter      chisq       delta/lim  lambda   a             b            
   0 6.2795358623e+07   0.00e+00  4.20e+03    1.028427e+00  -2.216283e+01
   4 1.5366118835e+07  -5.94e-03  4.20e-01    1.052213e+00  -1.357559e+02

After 4 iterations the fit converged.
final sum of squares of residuals : 1.53661e+07
rel. change during last iteration : -5.93548e-08

degrees of freedom    (FIT_NDF)                        : 9998
rms of residuals      (FIT_STDFIT) = sqrt(WSSR/ndf)    : 39.2036
variance of residuals (reduced chisquare) = WSSR/ndf   : 1536.92

Final set of parameters            Asymptotic Standard Error
=======================            ==========================
a               = 1.05221          +/- 0.0001358    (0.01291%)
b               = -135.756         +/- 0.784        (0.5775%)

correlation matrix of the fit parameters:
                a      b      
a               1.000 
b              -0.866  1.000 


*******************************************************************************
Mon Sep 24 17:25:53 2018


FIT:    data read from "../data/flat_KT=".i.".data" u 1:3
        format = x:z
        #datapoints = 10000
        residuals are weighted equally (unit weight)

function used for fitting: f(x)
	f(x) = a*x + b
fitted parameters initialized with current variable values

iter      chisq       delta/lim  lambda   a             b            
   0 2.7914031276e+08   0.00e+00  4.30e+03    1.052213e+00  -1.357559e+02
   4 1.9845850378e+06  -1.05e-08  4.30e-01    1.002701e+00   2.641424e+01

After 4 iterations the fit converged.
final sum of squares of residuals : 1.98459e+06
rel. change during last iteration : -1.05118e-13

degrees of freedom    (FIT_NDF)                        : 9998
rms of residuals      (FIT_STDFIT) = sqrt(WSSR/ndf)    : 14.0889
variance of residuals (reduced chisquare) = WSSR/ndf   : 198.498

Final set of parameters            Asymptotic Standard Error
=======================            ==========================
a               = 1.0027           +/- 4.881e-05    (0.004867%)
b               = 26.4142          +/- 0.2818       (1.067%)

correlation matrix of the fit parameters:
                a      b      
a               1.000 
b              -0.866  1.000 


*******************************************************************************
Mon Sep 24 17:25:53 2018


FIT:    data read from "../data/flat_KT=".i.".data" u 1:3
        format = x:z
        #datapoints = 10000
        residuals are weighted equally (unit weight)

function used for fitting: f(x)
	f(x) = a*x + b
fitted parameters initialized with current variable values

iter      chisq       delta/lim  lambda   a             b            
   0 6.1244186530e+08   0.00e+00  4.09e+03    1.002701e+00   2.641424e+01
   4 1.8979173758e+06  -2.55e-03  4.09e-01    9.688699e-01  -3.142138e+01

After 4 iterations the fit converged.
final sum of squares of residuals : 1.89792e+06
rel. change during last iteration : -2.5549e-08

degrees of freedom    (FIT_NDF)                        : 9998
rms of residuals      (FIT_STDFIT) = sqrt(WSSR/ndf)    : 13.7779
variance of residuals (reduced chisquare) = WSSR/ndf   : 189.83

Final set of parameters            Asymptotic Standard Error
=======================            ==========================
a               = 0.96887          +/- 4.773e-05    (0.004926%)
b               = -31.4214         +/- 0.2755       (0.8769%)

correlation matrix of the fit parameters:
                a      b      
a               1.000 
b              -0.866  1.000 


*******************************************************************************
Mon Sep 24 17:46:08 2018


FIT:    data read from "../data/flat_KT=".i.".data" u 1:3
        format = x:z
        #datapoints = 10000
        residuals are weighted equally (unit weight)

function used for fitting: f(x)
	f(x) = a*x
fitted parameters initialized with current variable values

iter      chisq       delta/lim  lambda   a            
   0 8.6823255613e+10   0.00e+00  5.77e+03    1.000000e+00
   3 5.2979786400e+06  -1.76e-11  5.77e+00    4.896149e-01

After 3 iterations the fit converged.
final sum of squares of residuals : 5.29798e+06
rel. change during last iteration : -1.75788e-16

degrees of freedom    (FIT_NDF)                        : 9999
rms of residuals      (FIT_STDFIT) = sqrt(WSSR/ndf)    : 23.0185
variance of residuals (reduced chisquare) = WSSR/ndf   : 529.851

Final set of parameters            Asymptotic Standard Error
=======================            ==========================
a               = 0.489615         +/- 3.987e-05    (0.008144%)


*******************************************************************************
Mon Sep 24 17:46:08 2018


FIT:    data read from "../data/flat_KT=".i.".data" u 1:3
        format = x:z
        #datapoints = 10000
        residuals are weighted equally (unit weight)

function used for fitting: f(x)
	f(x) = a*x
fitted parameters initialized with current variable values

iter      chisq       delta/lim  lambda   a            
   0 8.1598925078e+10   0.00e+00  2.83e+03    4.896149e-01
   2 1.0894471313e+08  -7.48e-01  2.83e+01    9.840910e-01

After 2 iterations the fit converged.
final sum of squares of residuals : 1.08945e+08
rel. change during last iteration : -7.47844e-06

degrees of freedom    (FIT_NDF)                        : 9999
rms of residuals      (FIT_STDFIT) = sqrt(WSSR/ndf)    : 104.382
variance of residuals (reduced chisquare) = WSSR/ndf   : 10895.6

Final set of parameters            Asymptotic Standard Error
=======================            ==========================
a               = 0.984091         +/- 0.0001808    (0.01837%)


*******************************************************************************
Mon Sep 24 17:46:08 2018


FIT:    data read from "../data/flat_KT=".i.".data" u 1:3
        format = x:z
        #datapoints = 10000
        residuals are weighted equally (unit weight)

function used for fitting: f(x)
	f(x) = a*x
fitted parameters initialized with current variable values

iter      chisq       delta/lim  lambda   a            
   0 3.0166061285e+11   0.00e+00  5.68e+03    9.840910e-01
   3 1.1696536153e+07  -3.18e-11  5.68e+00    1.935449e+00

After 3 iterations the fit converged.
final sum of squares of residuals : 1.16965e+07
rel. change during last iteration : -3.18495e-16

degrees of freedom    (FIT_NDF)                        : 9999
rms of residuals      (FIT_STDFIT) = sqrt(WSSR/ndf)    : 34.2019
variance of residuals (reduced chisquare) = WSSR/ndf   : 1169.77

Final set of parameters            Asymptotic Standard Error
=======================            ==========================
a               = 1.93545          +/- 5.924e-05    (0.003061%)


*******************************************************************************
Mon Sep 24 17:46:08 2018


FIT:    data read from "../data/flat_KT=".i.".data" u 1:3
        format = x:z
        #datapoints = 10000
        residuals are weighted equally (unit weight)

function used for fitting: f(x)
	f(x) = a*x
fitted parameters initialized with current variable values

iter      chisq       delta/lim  lambda   a            
   0 1.3140474260e+12   0.00e+00  1.12e+04    1.935449e+00
   3 1.1635790144e+08  -1.28e-11  1.12e+01    3.920993e+00

After 3 iterations the fit converged.
final sum of squares of residuals : 1.16358e+08
rel. change during last iteration : -1.28063e-16

degrees of freedom    (FIT_NDF)                        : 9999
rms of residuals      (FIT_STDFIT) = sqrt(WSSR/ndf)    : 107.875
variance of residuals (reduced chisquare) = WSSR/ndf   : 11637

Final set of parameters            Asymptotic Standard Error
=======================            ==========================
a               = 3.92099          +/- 0.0001869    (0.004766%)


*******************************************************************************
Mon Sep 24 17:46:08 2018


FIT:    data read from "../data/flat_KT=".i.".data" u 1:3
        format = x:z
        #datapoints = 10000
        residuals are weighted equally (unit weight)

function used for fitting: f(x)
	f(x) = a*x
fitted parameters initialized with current variable values

iter      chisq       delta/lim  lambda   a            
   0 5.3073029979e+12   0.00e+00  2.26e+04    3.920993e+00
   3 7.8533197233e+07  -7.59e-11  2.26e+01    7.911490e+00

After 3 iterations the fit converged.
final sum of squares of residuals : 7.85332e+07
rel. change during last iteration : -7.58974e-16

degrees of freedom    (FIT_NDF)                        : 9999
rms of residuals      (FIT_STDFIT) = sqrt(WSSR/ndf)    : 88.6234
variance of residuals (reduced chisquare) = WSSR/ndf   : 7854.11

Final set of parameters            Asymptotic Standard Error
=======================            ==========================
a               = 7.91149          +/- 0.0001535    (0.00194%)


*******************************************************************************
Mon Sep 24 17:47:25 2018


FIT:    data read from "../data/flat_KT=".i.".data" u 1:3
        format = x:z
        #datapoints = 10000
        residuals are weighted equally (unit weight)

function used for fitting: f(x)
	f(x) = a*x
fitted parameters initialized with current variable values

iter      chisq       delta/lim  lambda   a            
   0 8.6823255613e+10   0.00e+00  5.77e+03    1.000000e+00
   3 5.2979786400e+06  -1.76e-11  5.77e+00    4.896149e-01

After 3 iterations the fit converged.
final sum of squares of residuals : 5.29798e+06
rel. change during last iteration : -1.75788e-16

degrees of freedom    (FIT_NDF)                        : 9999
rms of residuals      (FIT_STDFIT) = sqrt(WSSR/ndf)    : 23.0185
variance of residuals (reduced chisquare) = WSSR/ndf   : 529.851

Final set of parameters            Asymptotic Standard Error
=======================            ==========================
a               = 0.489615         +/- 3.987e-05    (0.008144%)


*******************************************************************************
Mon Sep 24 17:47:25 2018


FIT:    data read from "../data/flat_KT=".i.".data" u 1:3
        format = x:z
        #datapoints = 10000
        residuals are weighted equally (unit weight)

function used for fitting: f(x)
	f(x) = a*x
fitted parameters initialized with current variable values

iter      chisq       delta/lim  lambda   a            
   0 8.1598925078e+10   0.00e+00  2.83e+03    4.896149e-01
   2 1.0894471313e+08  -7.48e-01  2.83e+01    9.840910e-01

After 2 iterations the fit converged.
final sum of squares of residuals : 1.08945e+08
rel. change during last iteration : -7.47844e-06

degrees of freedom    (FIT_NDF)                        : 9999
rms of residuals      (FIT_STDFIT) = sqrt(WSSR/ndf)    : 104.382
variance of residuals (reduced chisquare) = WSSR/ndf   : 10895.6

Final set of parameters            Asymptotic Standard Error
=======================            ==========================
a               = 0.984091         +/- 0.0001808    (0.01837%)


*******************************************************************************
Mon Sep 24 17:47:25 2018


FIT:    data read from "../data/flat_KT=".i.".data" u 1:3
        format = x:z
        #datapoints = 10000
        residuals are weighted equally (unit weight)

function used for fitting: f(x)
	f(x) = a*x
fitted parameters initialized with current variable values

iter      chisq       delta/lim  lambda   a            
   0 3.0166061285e+11   0.00e+00  5.68e+03    9.840910e-01
   3 1.1696536153e+07  -3.18e-11  5.68e+00    1.935449e+00

After 3 iterations the fit converged.
final sum of squares of residuals : 1.16965e+07
rel. change during last iteration : -3.18495e-16

degrees of freedom    (FIT_NDF)                        : 9999
rms of residuals      (FIT_STDFIT) = sqrt(WSSR/ndf)    : 34.2019
variance of residuals (reduced chisquare) = WSSR/ndf   : 1169.77

Final set of parameters            Asymptotic Standard Error
=======================            ==========================
a               = 1.93545          +/- 5.924e-05    (0.003061%)


*******************************************************************************
Mon Sep 24 17:47:25 2018


FIT:    data read from "../data/flat_KT=".i.".data" u 1:3
        format = x:z
        #datapoints = 10000
        residuals are weighted equally (unit weight)

function used for fitting: f(x)
	f(x) = a*x
fitted parameters initialized with current variable values

iter      chisq       delta/lim  lambda   a            
   0 1.3140474260e+12   0.00e+00  1.12e+04    1.935449e+00
   3 1.1635790144e+08  -1.28e-11  1.12e+01    3.920993e+00

After 3 iterations the fit converged.
final sum of squares of residuals : 1.16358e+08
rel. change during last iteration : -1.28063e-16

degrees of freedom    (FIT_NDF)                        : 9999
rms of residuals      (FIT_STDFIT) = sqrt(WSSR/ndf)    : 107.875
variance of residuals (reduced chisquare) = WSSR/ndf   : 11637

Final set of parameters            Asymptotic Standard Error
=======================            ==========================
a               = 3.92099          +/- 0.0001869    (0.004766%)


*******************************************************************************
Mon Sep 24 17:47:25 2018


FIT:    data read from "../data/flat_KT=".i.".data" u 1:3
        format = x:z
        #datapoints = 10000
        residuals are weighted equally (unit weight)

function used for fitting: f(x)
	f(x) = a*x
fitted parameters initialized with current variable values

iter      chisq       delta/lim  lambda   a            
   0 5.3073029979e+12   0.00e+00  2.26e+04    3.920993e+00
   3 7.8533197233e+07  -7.59e-11  2.26e+01    7.911490e+00

After 3 iterations the fit converged.
final sum of squares of residuals : 7.85332e+07
rel. change during last iteration : -7.58974e-16

degrees of freedom    (FIT_NDF)                        : 9999
rms of residuals      (FIT_STDFIT) = sqrt(WSSR/ndf)    : 88.6234
variance of residuals (reduced chisquare) = WSSR/ndf   : 7854.11

Final set of parameters            Asymptotic Standard Error
=======================            ==========================
a               = 7.91149          +/- 0.0001535    (0.00194%)


*******************************************************************************
Mon Sep 24 17:47:34 2018


FIT:    data read from "../data/flat_KT=".i.".data" u 1:3
        format = x:z
        #datapoints = 10000
        residuals are weighted equally (unit weight)

function used for fitting: f(x)
	f(x) = a*x
fitted parameters initialized with current variable values

iter      chisq       delta/lim  lambda   a            
   0 8.6823255613e+10   0.00e+00  5.77e+03    1.000000e+00
   3 5.2979786400e+06  -1.76e-11  5.77e+00    4.896149e-01

After 3 iterations the fit converged.
final sum of squares of residuals : 5.29798e+06
rel. change during last iteration : -1.75788e-16

degrees of freedom    (FIT_NDF)                        : 9999
rms of residuals      (FIT_STDFIT) = sqrt(WSSR/ndf)    : 23.0185
variance of residuals (reduced chisquare) = WSSR/ndf   : 529.851

Final set of parameters            Asymptotic Standard Error
=======================            ==========================
a               = 0.489615         +/- 3.987e-05    (0.008144%)


*******************************************************************************
Mon Sep 24 17:47:34 2018


FIT:    data read from "../data/flat_KT=".i.".data" u 1:3
        format = x:z
        #datapoints = 10000
        residuals are weighted equally (unit weight)

function used for fitting: f(x)
	f(x) = a*x
fitted parameters initialized with current variable values

iter      chisq       delta/lim  lambda   a            
   0 8.1598925078e+10   0.00e+00  2.83e+03    4.896149e-01
   2 1.0894471313e+08  -7.48e-01  2.83e+01    9.840910e-01

After 2 iterations the fit converged.
final sum of squares of residuals : 1.08945e+08
rel. change during last iteration : -7.47844e-06

degrees of freedom    (FIT_NDF)                        : 9999
rms of residuals      (FIT_STDFIT) = sqrt(WSSR/ndf)    : 104.382
variance of residuals (reduced chisquare) = WSSR/ndf   : 10895.6

Final set of parameters            Asymptotic Standard Error
=======================            ==========================
a               = 0.984091         +/- 0.0001808    (0.01837%)


*******************************************************************************
Mon Sep 24 17:47:34 2018


FIT:    data read from "../data/flat_KT=".i.".data" u 1:3
        format = x:z
        #datapoints = 10000
        residuals are weighted equally (unit weight)

function used for fitting: f(x)
	f(x) = a*x
fitted parameters initialized with current variable values

iter      chisq       delta/lim  lambda   a            
   0 3.0166061285e+11   0.00e+00  5.68e+03    9.840910e-01
   3 1.1696536153e+07  -3.18e-11  5.68e+00    1.935449e+00

After 3 iterations the fit converged.
final sum of squares of residuals : 1.16965e+07
rel. change during last iteration : -3.18495e-16

degrees of freedom    (FIT_NDF)                        : 9999
rms of residuals      (FIT_STDFIT) = sqrt(WSSR/ndf)    : 34.2019
variance of residuals (reduced chisquare) = WSSR/ndf   : 1169.77

Final set of parameters            Asymptotic Standard Error
=======================            ==========================
a               = 1.93545          +/- 5.924e-05    (0.003061%)


*******************************************************************************
Mon Sep 24 17:47:35 2018


FIT:    data read from "../data/flat_KT=".i.".data" u 1:3
        format = x:z
        #datapoints = 10000
        residuals are weighted equally (unit weight)

function used for fitting: f(x)
	f(x) = a*x
fitted parameters initialized with current variable values

iter      chisq       delta/lim  lambda   a            
   0 1.3140474260e+12   0.00e+00  1.12e+04    1.935449e+00
   3 1.1635790144e+08  -1.28e-11  1.12e+01    3.920993e+00

After 3 iterations the fit converged.
final sum of squares of residuals : 1.16358e+08
rel. change during last iteration : -1.28063e-16

degrees of freedom    (FIT_NDF)                        : 9999
rms of residuals      (FIT_STDFIT) = sqrt(WSSR/ndf)    : 107.875
variance of residuals (reduced chisquare) = WSSR/ndf   : 11637

Final set of parameters            Asymptotic Standard Error
=======================            ==========================
a               = 3.92099          +/- 0.0001869    (0.004766%)


*******************************************************************************
Mon Sep 24 17:47:35 2018


FIT:    data read from "../data/flat_KT=".i.".data" u 1:3
        format = x:z
        #datapoints = 10000
        residuals are weighted equally (unit weight)

function used for fitting: f(x)
	f(x) = a*x
fitted parameters initialized with current variable values

iter      chisq       delta/lim  lambda   a            
   0 5.3073029979e+12   0.00e+00  2.26e+04    3.920993e+00
   3 7.8533197233e+07  -7.59e-11  2.26e+01    7.911490e+00

After 3 iterations the fit converged.
final sum of squares of residuals : 7.85332e+07
rel. change during last iteration : -7.58974e-16

degrees of freedom    (FIT_NDF)                        : 9999
rms of residuals      (FIT_STDFIT) = sqrt(WSSR/ndf)    : 88.6234
variance of residuals (reduced chisquare) = WSSR/ndf   : 7854.11

Final set of parameters            Asymptotic Standard Error
=======================            ==========================
a               = 7.91149          +/- 0.0001535    (0.00194%)


*******************************************************************************
Mon Sep 24 17:48:22 2018


FIT:    data read from "test.test" u 1:2
        format = x:z
        #datapoints = 5
        residuals are weighted equally (unit weight)

function used for fitting: f(x)
	f(x) = a*x + b
fitted parameters initialized with current variable values

iter      chisq       delta/lim  lambda   a             b            
   0 5.5353281324e+00   0.00e+00  3.00e+00    1.000000e+00   1.000000e+00
   4 1.5058498642e-03  -2.84e-02  3.00e-04    9.899626e-01  -2.055649e-02

After 4 iterations the fit converged.
final sum of squares of residuals : 0.00150585
rel. change during last iteration : -2.83773e-07

degrees of freedom    (FIT_NDF)                        : 3
rms of residuals      (FIT_STDFIT) = sqrt(WSSR/ndf)    : 0.0224042
variance of residuals (reduced chisquare) = WSSR/ndf   : 0.00050195

Final set of parameters            Asymptotic Standard Error
=======================            ==========================
a               = 0.989963         +/- 0.003673     (0.3711%)
b               = -0.0205565       +/- 0.01517      (73.79%)

correlation matrix of the fit parameters:
                a      b      
a               1.000 
b              -0.751  1.000 


*******************************************************************************
Mon Sep 24 17:50:30 2018


FIT:    data read from "../data/flat_KT=".i.".data" u 1:3
        format = x:z
        #datapoints = 10000
        residuals are weighted equally (unit weight)

function used for fitting: f(x)
	f(x) = a*x
fitted parameters initialized with current variable values

iter      chisq       delta/lim  lambda   a            
   0 2.7030077437e+11   0.00e+00  5.77e+03    1.000000e+00
   3 6.3362927785e+04  -4.26e-09  5.77e+00    9.943141e-02

After 3 iterations the fit converged.
final sum of squares of residuals : 63362.9
rel. change during last iteration : -4.26019e-14

degrees of freedom    (FIT_NDF)                        : 9999
rms of residuals      (FIT_STDFIT) = sqrt(WSSR/ndf)    : 2.51733
variance of residuals (reduced chisquare) = WSSR/ndf   : 6.33693

Final set of parameters            Asymptotic Standard Error
=======================            ==========================
a               = 0.0994314        +/- 4.36e-06     (0.004385%)


*******************************************************************************
Mon Sep 24 17:50:30 2018


FIT:    data read from "../data/flat_KT=".i.".data" u 1:3
        format = x:z
        #datapoints = 10000
        residuals are weighted equally (unit weight)

function used for fitting: f(x)
	f(x) = a*x
fitted parameters initialized with current variable values

iter      chisq       delta/lim  lambda   a            
   0 3.5814595607e+09   0.00e+00  5.74e+02    9.943141e-02
   3 6.9982895489e+05  -1.66e-11  5.74e-01    2.030842e-01

After 3 iterations the fit converged.
final sum of squares of residuals : 699829
rel. change during last iteration : -1.66348e-16

degrees of freedom    (FIT_NDF)                        : 9999
rms of residuals      (FIT_STDFIT) = sqrt(WSSR/ndf)    : 8.366
variance of residuals (reduced chisquare) = WSSR/ndf   : 69.9899

Final set of parameters            Asymptotic Standard Error
=======================            ==========================
a               = 0.203084         +/- 1.449e-05    (0.007136%)


*******************************************************************************
Mon Sep 24 17:50:30 2018


FIT:    data read from "../data/flat_KT=".i.".data" u 1:3
        format = x:z
        #datapoints = 10000
        residuals are weighted equally (unit weight)

function used for fitting: f(x)
	f(x) = a*x
fitted parameters initialized with current variable values

iter      chisq       delta/lim  lambda   a            
   0 3.3868956643e+09   0.00e+00  1.17e+03    2.030842e-01
   3 8.4114568703e+05   0.00e+00  1.17e+00    3.038794e-01

After 3 iterations the fit converged.
final sum of squares of residuals : 841146
rel. change during last iteration : 0

degrees of freedom    (FIT_NDF)                        : 9999
rms of residuals      (FIT_STDFIT) = sqrt(WSSR/ndf)    : 9.17186
variance of residuals (reduced chisquare) = WSSR/ndf   : 84.123

Final set of parameters            Asymptotic Standard Error
=======================            ==========================
a               = 0.303879         +/- 1.589e-05    (0.005228%)


*******************************************************************************
Mon Sep 24 17:50:30 2018


FIT:    data read from "../data/flat_KT=".i.".data" u 1:3
        format = x:z
        #datapoints = 10000
        residuals are weighted equally (unit weight)

function used for fitting: f(x)
	f(x) = a*x
fitted parameters initialized with current variable values

iter      chisq       delta/lim  lambda   a            
   0 3.3251616594e+09   0.00e+00  1.75e+03    3.038794e-01
   3 1.7899631383e+06  -2.60e-11  1.75e+00    4.037374e-01

After 3 iterations the fit converged.
final sum of squares of residuals : 1.78996e+06
rel. change during last iteration : -2.60151e-16

degrees of freedom    (FIT_NDF)                        : 9999
rms of residuals      (FIT_STDFIT) = sqrt(WSSR/ndf)    : 13.3796
variance of residuals (reduced chisquare) = WSSR/ndf   : 179.014

Final set of parameters            Asymptotic Standard Error
=======================            ==========================
a               = 0.403737         +/- 2.318e-05    (0.00574%)


*******************************************************************************
Mon Sep 24 17:50:31 2018


FIT:    data read from "../data/flat_KT=".i.".data" u 1:3
        format = x:z
        #datapoints = 10000
        residuals are weighted equally (unit weight)

function used for fitting: f(x)
	f(x) = a*x
fitted parameters initialized with current variable values

iter      chisq       delta/lim  lambda   a            
   0 1.2236422890e+10   0.00e+00  2.33e+03    4.037374e-01
   3 7.3019771823e+05  -3.19e-11  2.33e+00    5.953427e-01

After 3 iterations the fit converged.
final sum of squares of residuals : 730198
rel. change during last iteration : -3.1886e-16

degrees of freedom    (FIT_NDF)                        : 9999
rms of residuals      (FIT_STDFIT) = sqrt(WSSR/ndf)    : 8.54559
variance of residuals (reduced chisquare) = WSSR/ndf   : 73.0271

Final set of parameters            Asymptotic Standard Error
=======================            ==========================
a               = 0.595343         +/- 1.48e-05     (0.002486%)


*******************************************************************************
Mon Sep 24 17:50:31 2018


FIT:    data read from "../data/flat_KT=".i.".data" u 1:3
        format = x:z
        #datapoints = 10000
        residuals are weighted equally (unit weight)

function used for fitting: f(x)
	f(x) = a*x
fitted parameters initialized with current variable values

iter      chisq       delta/lim  lambda   a            
   0 3.8136257726e+09   0.00e+00  3.44e+03    5.953427e-01
   3 1.4307347224e+06   0.00e+00  3.44e+00    7.022927e-01

After 3 iterations the fit converged.
final sum of squares of residuals : 1.43073e+06
rel. change during last iteration : 0

degrees of freedom    (FIT_NDF)                        : 9999
rms of residuals      (FIT_STDFIT) = sqrt(WSSR/ndf)    : 11.9619
variance of residuals (reduced chisquare) = WSSR/ndf   : 143.088

Final set of parameters            Asymptotic Standard Error
=======================            ==========================
a               = 0.702293         +/- 2.072e-05    (0.00295%)


*******************************************************************************
Mon Sep 24 17:50:31 2018


FIT:    data read from "../data/flat_KT=".i.".data" u 1:3
        format = x:z
        #datapoints = 10000
        residuals are weighted equally (unit weight)

function used for fitting: f(x)
	f(x) = a*x
fitted parameters initialized with current variable values

iter      chisq       delta/lim  lambda   a            
   0 4.3690888557e+09   0.00e+00  4.05e+03    7.022927e-01
   3 1.0242784051e+06  -1.14e-11  4.05e+00    8.167748e-01

After 3 iterations the fit converged.
final sum of squares of residuals : 1.02428e+06
rel. change during last iteration : -1.13656e-16

degrees of freedom    (FIT_NDF)                        : 9999
rms of residuals      (FIT_STDFIT) = sqrt(WSSR/ndf)    : 10.1212
variance of residuals (reduced chisquare) = WSSR/ndf   : 102.438

Final set of parameters            Asymptotic Standard Error
=======================            ==========================
a               = 0.816775         +/- 1.753e-05    (0.002146%)


*******************************************************************************
Mon Sep 24 17:50:31 2018


FIT:    data read from "../data/flat_KT=".i.".data" u 1:3
        format = x:z
        #datapoints = 10000
        residuals are weighted equally (unit weight)

function used for fitting: f(x)
	f(x) = a*x
fitted parameters initialized with current variable values

iter      chisq       delta/lim  lambda   a            
   0 2.9436367178e+09   0.00e+00  4.72e+03    8.167748e-01
   3 2.3391960946e+06  -3.98e-11  4.72e+00    9.107174e-01

After 3 iterations the fit converged.
final sum of squares of residuals : 2.3392e+06
rel. change during last iteration : -3.98138e-16

degrees of freedom    (FIT_NDF)                        : 9999
rms of residuals      (FIT_STDFIT) = sqrt(WSSR/ndf)    : 15.2952
variance of residuals (reduced chisquare) = WSSR/ndf   : 233.943

Final set of parameters            Asymptotic Standard Error
=======================            ==========================
a               = 0.910717         +/- 2.649e-05    (0.002909%)
